<?xml version="1.0" encoding="UTF-8"?>
<!-- Generated by org.testng.reporters.JUnitReportReporter -->
<testsuite hostname="LTIN268674" failures="0" tests="6" name="TestCases.TC001_beCognizant" time="381.560" errors="0" timestamp="2024-02-13T10:38:36 IST" skipped="0">
  <testcase classname="TestCases.TC001_beCognizant" name="userVerification" time="41.417"/>
  <system-out/>
  <testcase classname="TestCases.TC001_beCognizant" name="userVerification" time="38.497"/>
  <system-out/>
  <testcase classname="TestCases.TC001_beCognizant" name="oneCognizantFunctions" time="12.956"/>
  <system-out/>
  <testcase classname="TestCases.TC001_beCognizant" name="oneCognizantFunctions" time="12.484"/>
  <system-out/>
  <testcase classname="TestCases.TC001_beCognizant" name="timeSheetNavigation" time="132.230"/>
  <system-out/>
  <testcase classname="TestCases.TC001_beCognizant" name="timeSheetNavigation" time="143.976"/>
  <system-out/>
</testsuite> <!-- TestCases.TC001_beCognizant -->
